<?xml version="1.0" encoding="UTF-8"?>
<!-- Generated by org.testng.reporters.JUnitReportReporter -->
<testsuite hostname="RezD021" name="MobileDev.testing" tests="1" failures="0" timestamp="24 Mar 2017 08:41:59 GMT" time="4.953" errors="0">
  <testcase name="execute" time="4.953" classname="MobileDev.testing"/>
</testsuite> <!-- MobileDev.testing -->
