<?xml version="1.0" encoding="UTF-8"?>
<!-- Generated by org.testng.reporters.JUnitReportReporter -->
<testsuite skipped="0" hostname="rezd031" name="MobileDev.MobileDev" tests="1" failures="0" timestamp="24 Jan 2018 11:09:08 GMT" time="650.478" errors="0">
  <testcase name="startAutomation" time="650.478" classname="MobileDev.MobileDev"/>
</testsuite> <!-- MobileDev.MobileDev -->
